[debug] [2023-03-04T12:06:04.017Z] ----------------------------------------------------------------------
[debug] [2023-03-04T12:06:04.018Z] Command:       C:\Program Files\nodejs\node.exe C:\Users\kfar-\AppData\Roaming\npm\node_modules\firebase-tools\lib\bin\firebase.js serve
[debug] [2023-03-04T12:06:04.019Z] CLI Version:   11.24.0
[debug] [2023-03-04T12:06:04.019Z] Platform:      win32
[debug] [2023-03-04T12:06:04.019Z] Node Version:  v16.13.2
[debug] [2023-03-04T12:06:04.020Z] Time:          Sat Mar 04 2023 14:06:04 GMT+0200 (Israel Standard Time)
[debug] [2023-03-04T12:06:04.020Z] ----------------------------------------------------------------------
[debug] 
[debug] [2023-03-04T12:06:04.104Z] > command requires scopes: ["email","openid","https://www.googleapis.com/auth/cloudplatformprojects.readonly","https://www.googleapis.com/auth/firebase","https://www.googleapis.com/auth/cloud-platform"]
[debug] [2023-03-04T12:06:04.105Z] > authorizing via signed-in user (artium20@gmail.com)
[debug] [2023-03-04T12:06:04.105Z] [iam] checking project animals-sound-info for permissions ["firebase.projects.get"]
[debug] [2023-03-04T12:06:04.107Z] >>> [apiv2][query] POST https://cloudresourcemanager.googleapis.com/v1/projects/animals-sound-info:testIamPermissions [none]
[debug] [2023-03-04T12:06:04.108Z] >>> [apiv2][(partial)header] POST https://cloudresourcemanager.googleapis.com/v1/projects/animals-sound-info:testIamPermissions x-goog-quota-user=projects/animals-sound-info
[debug] [2023-03-04T12:06:04.108Z] >>> [apiv2][body] POST https://cloudresourcemanager.googleapis.com/v1/projects/animals-sound-info:testIamPermissions {"permissions":["firebase.projects.get"]}
[debug] [2023-03-04T12:06:04.502Z] <<< [apiv2][status] POST https://cloudresourcemanager.googleapis.com/v1/projects/animals-sound-info:testIamPermissions 200
[debug] [2023-03-04T12:06:04.503Z] <<< [apiv2][body] POST https://cloudresourcemanager.googleapis.com/v1/projects/animals-sound-info:testIamPermissions {"permissions":["firebase.projects.get"]}
[debug] [2023-03-04T12:06:04.503Z] >>> [apiv2][query] GET https://firebase.googleapis.com/v1beta1/projects/animals-sound-info [none]
[debug] [2023-03-04T12:06:04.781Z] <<< [apiv2][status] GET https://firebase.googleapis.com/v1beta1/projects/animals-sound-info 200
[debug] [2023-03-04T12:06:04.781Z] <<< [apiv2][body] GET https://firebase.googleapis.com/v1beta1/projects/animals-sound-info {"projectId":"animals-sound-info","projectNumber":"964706806878","displayName":"animals-sound-info","name":"projects/animals-sound-info","resources":{"hostingSite":"animals-sound-info"},"state":"ACTIVE","etag":"1_2eed1911-7c9f-4878-8eab-42234e8d3236"}
[info] 
[info] === Serving from 'C:\Users\kfar-\Desktop\My_project's\WebSite\BulletinBoard\clientTypeScript\my-app'...
[info] 
[debug] [2023-03-04T12:06:04.784Z] >>> [apiv2][query] GET https://firebasehosting.googleapis.com/v1beta1/projects/animals-sound-info/sites 
[debug] [2023-03-04T12:06:06.007Z] <<< [apiv2][status] GET https://firebasehosting.googleapis.com/v1beta1/projects/animals-sound-info/sites 200
[debug] [2023-03-04T12:06:06.007Z] <<< [apiv2][body] GET https://firebasehosting.googleapis.com/v1beta1/projects/animals-sound-info/sites {"sites":[{"name":"projects/animals-sound-info/sites/animals-sound-info","defaultUrl":"https://animals-sound-info.web.app","type":"DEFAULT_SITE"}]}
[debug] [2023-03-04T12:06:06.007Z] >>> [apiv2][query] GET https://firebase.googleapis.com/v1beta1/projects/animals-sound-info/webApps/-/config [none]
[debug] [2023-03-04T12:06:06.751Z] <<< [apiv2][status] GET https://firebase.googleapis.com/v1beta1/projects/animals-sound-info/webApps/-/config 200
[debug] [2023-03-04T12:06:06.751Z] <<< [apiv2][body] GET https://firebase.googleapis.com/v1beta1/projects/animals-sound-info/webApps/-/config {"projectId":"animals-sound-info","storageBucket":"animals-sound-info.appspot.com","apiKey":"AIzaSyAq8t14vKJecM-yE_Cvfv6jfNEKPtOKroM","authDomain":"animals-sound-info.firebaseapp.com","messagingSenderId":"964706806878"}
[debug] [2023-03-04T12:06:06.764Z] >>> [apiv2][query] GET https://firebase.googleapis.com/v1beta1/projects/animals-sound-info [none]
[debug] [2023-03-04T12:06:07.039Z] <<< [apiv2][status] GET https://firebase.googleapis.com/v1beta1/projects/animals-sound-info 200
[debug] [2023-03-04T12:06:07.040Z] <<< [apiv2][body] GET https://firebase.googleapis.com/v1beta1/projects/animals-sound-info {"projectId":"animals-sound-info","projectNumber":"964706806878","displayName":"animals-sound-info","name":"projects/animals-sound-info","resources":{"hostingSite":"animals-sound-info"},"state":"ACTIVE","etag":"1_2eed1911-7c9f-4878-8eab-42234e8d3236"}
[info] i  hosting[animals-sound-info]: Serving hosting files from: build {"metadata":{"emulator":{"name":"hosting"},"message":"Serving hosting files from: \u001b[1mbuild\u001b[22m"}}
[info] +  hosting[animals-sound-info]: Local server: http://localhost:5000 {"metadata":{"emulator":{"name":"hosting"},"message":"Local server: \u001b[4m\u001b[1mhttp://localhost:5000\u001b[22m\u001b[24m"}}
